<?xml version="1.0" encoding="UTF-8"?>
<testsuite xmlns:xsi="http://www.w3.org/2001/XMLSchema-instance" xsi:noNamespaceSchemaLocation="https://maven.apache.org/surefire/maven-surefire-plugin/xsd/surefire-test-report.xsd" name="techoutcomes.AppTest" time="0.123" tests="1" errors="0" skipped="0" failures="0">
  <properties>
    <property name="java.specification.version" value="14"/>
    <property name="sun.management.compiler" value="HotSpot 64-Bit Tiered Compilers"/>
    <property name="sun.jnu.encoding" value="UTF-8"/>
    <property name="java.runtime.version" value="14.0.2+12-Ubuntu-120.04"/>
    <property name="java.class.path" value="/home/vickatte/technologiesoutcomes/bootcamp1/bootcamp1/bootcamp1/target/test-classes:/home/vickatte/technologiesoutcomes/bootcamp1/bootcamp1/bootcamp1/target/classes:/home/vickatte/.m2/repository/junit/junit/4.11/junit-4.11.jar:/home/vickatte/.m2/repository/org/hamcrest/hamcrest-core/1.3/hamcrest-core-1.3.jar:"/>
    <property name="user.name" value="vickatte"/>
    <property name="java.vm.vendor" value="Private Build"/>
    <property name="path.separator" value=":"/>
    <property name="sun.arch.data.model" value="64"/>
    <property name="os.version" value="4.19.104-microsoft-standard"/>
    <property name="java.runtime.name" value="OpenJDK Runtime Environment"/>
    <property name="file.encoding" value="UTF-8"/>
    <property name="java.vendor.url" value="Unknown"/>
    <property name="java.vm.name" value="OpenJDK 64-Bit Server VM"/>
    <property name="java.vm.specification.version" value="14"/>
    <property name="os.name" value="Linux"/>
    <property name="sun.java.launcher" value="SUN_STANDARD"/>
    <property name="localRepository" value="/home/vickatte/.m2/repository"/>
    <property name="sun.boot.library.path" value="/usr/lib/jvm/java-14-openjdk-amd64/lib"/>
    <property name="sun.java.command" value="/home/vickatte/technologiesoutcomes/bootcamp1/bootcamp1/bootcamp1/target/surefire/surefirebooter14038021275058749810.jar /home/vickatte/technologiesoutcomes/bootcamp1/bootcamp1/bootcamp1/target/surefire 2023-09-02T18-36-51_942-jvmRun1 surefire13599998902256047188tmp surefire_016895839582973607186tmp"/>
    <property name="java.vendor.url.bug" value="Unknown"/>
    <property name="java.io.tmpdir" value="/tmp"/>
    <property name="jdk.debug" value="release"/>
    <property name="surefire.test.class.path" value="/home/vickatte/technologiesoutcomes/bootcamp1/bootcamp1/bootcamp1/target/test-classes:/home/vickatte/technologiesoutcomes/bootcamp1/bootcamp1/bootcamp1/target/classes:/home/vickatte/.m2/repository/junit/junit/4.11/junit-4.11.jar:/home/vickatte/.m2/repository/org/hamcrest/hamcrest-core/1.3/hamcrest-core-1.3.jar:"/>
    <property name="sun.cpu.endian" value="little"/>
    <property name="java.version" value="14.0.2"/>
    <property name="user.home" value="/home/vickatte"/>
    <property name="user.dir" value="/home/vickatte/technologiesoutcomes/bootcamp1/bootcamp1/bootcamp1"/>
    <property name="os.arch" value="amd64"/>
    <property name="user.language" value="en"/>
    <property name="java.specification.vendor" value="Oracle Corporation"/>
    <property name="java.vm.specification.name" value="Java Virtual Machine Specification"/>
    <property name="java.version.date" value="2020-07-14"/>
    <property name="java.home" value="/usr/lib/jvm/java-14-openjdk-amd64"/>
    <property name="file.separator" value="/"/>
    <property name="basedir" value="/home/vickatte/technologiesoutcomes/bootcamp1/bootcamp1/bootcamp1"/>
    <property name="java.vm.compressedOopsMode" value="32-bit"/>
    <property name="line.separator" value="&#10;"/>
    <property name="java.library.path" value="/usr/java/packages/lib:/usr/lib/x86_64-linux-gnu/jni:/lib/x86_64-linux-gnu:/usr/lib/x86_64-linux-gnu:/usr/lib/jni:/lib:/usr/lib"/>
    <property name="java.vm.info" value="mixed mode, sharing"/>
    <property name="java.vm.specification.vendor" value="Oracle Corporation"/>
    <property name="java.specification.name" value="Java Platform API Specification"/>
    <property name="java.vendor" value="Private Build"/>
    <property name="java.vm.version" value="14.0.2+12-Ubuntu-120.04"/>
    <property name="sun.io.unicode.encoding" value="UnicodeLittle"/>
    <property name="java.class.version" value="58.0"/>
    <property name="surefire.real.class.path" value="/home/vickatte/technologiesoutcomes/bootcamp1/bootcamp1/bootcamp1/target/surefire/surefirebooter14038021275058749810.jar"/>
  </properties>
  <testcase name="shouldAnswerWithTrue" classname="techoutcomes.AppTest" time="0.002"/>
</testsuite>